<?xml version="1.0" encoding="UTF-8"?>
<testng-results ignored="0" total="3" passed="3" failed="0" skipped="0">
  <reporter-output>
  </reporter-output>
  <suite started-at="2024-06-04T14:16:10 IST" name="Default suite" finished-at="2024-06-04T14:16:10 IST" duration-ms="79">
    <groups>
    </groups>
    <test started-at="2024-06-04T14:16:10 IST" name="Default test" finished-at="2024-06-04T14:16:10 IST" duration-ms="79">
      <class name="practise.testng.AttributeOfDependsOnMethods">
        <test-method signature="CreateOrder()[pri:0, instance:practise.testng.AttributeOfDependsOnMethods@20140db9]" started-at="2024-06-04T14:16:10 IST" name="CreateOrder" finished-at="2024-06-04T14:16:10 IST" duration-ms="11" status="PASS">
          <reporter-output>
          </reporter-output>
        </test-method> <!-- CreateOrder -->
        <test-method signature="BillOrder()[pri:0, instance:practise.testng.AttributeOfDependsOnMethods@20140db9]" started-at="2024-06-04T14:16:10 IST" name="BillOrder" finished-at="2024-06-04T14:16:10 IST" depends-on-methods="practise.testng.AttributeOfDependsOnMethods.CreateOrder" duration-ms="1" status="PASS">
          <reporter-output>
          </reporter-output>
        </test-method> <!-- BillOrder -->
        <test-method signature="PaymentOrder()[pri:0, instance:practise.testng.AttributeOfDependsOnMethods@20140db9]" started-at="2024-06-04T14:16:10 IST" name="PaymentOrder" finished-at="2024-06-04T14:16:10 IST" depends-on-methods="practise.testng.AttributeOfDependsOnMethods.BillOrder" duration-ms="1" status="PASS">
          <reporter-output>
          </reporter-output>
        </test-method> <!-- PaymentOrder -->
      </class> <!-- practise.testng.AttributeOfDependsOnMethods -->
    </test> <!-- Default test -->
  </suite> <!-- Default suite -->
</testng-results>
