<?xml version="1.0" encoding="UTF-8"?>
<!-- Generated by org.testng.reporters.JUnitXMLReporter -->
<testsuite ignored="2" hostname="TYSS-Deepak" failures="0" tests="4" name="Test" time="4.619" errors="0" timestamp="2024-06-14T19:35:10 IST">
  <testcase classname="com.nizna.hrm.api.projecttest.EmployeTest" name="addEmployeeTest" time="2.491"/>
  <testcase classname="com.nizna.hrm.api.projecttest.EmployeTest" name="addEmployeeWithOutEmailTest" time="0.145"/>
  <testcase classname="com.nizna.hrm.api.employetest.ProjectTest" name="addSingleProjectWithCreatedTest" time="1.82"/>
  <testcase classname="com.nizna.hrm.api.employetest.ProjectTest" name="createDuplicateProjectTest" time="0.047"/>
  <testcase classname="com.ninz.hrm.api.baseClass.BaseAPIClass" name="@AfterSuite configAS" time="0.0">
    <ignored/>
  </testcase> <!-- @AfterSuite configAS -->
  <testcase classname="com.ninz.hrm.api.baseClass.BaseAPIClass" name="@BeforeSuite configBS" time="0.0">
    <ignored/>
  </testcase> <!-- @BeforeSuite configBS -->
</testsuite> <!-- Test -->
