<?xml version="1.0" encoding="UTF-8"?>
<!-- Generated by org.testng.reporters.JUnitXMLReporter -->
<testsuite ignored="0" hostname="DESKTOP-JOQNLEJ" failures="0" tests="3" name="Default test" time="0.079" errors="0" timestamp="2024-06-04T14:16:10 IST">
  <testcase classname="practise.testng.AttributeOfDependsOnMethods" name="CreateOrder" time="0.011"/>
  <testcase classname="practise.testng.AttributeOfDependsOnMethods" name="BillOrder" time="0.001"/>
  <testcase classname="practise.testng.AttributeOfDependsOnMethods" name="PaymentOrder" time="0.001"/>
</testsuite> <!-- Default test -->
